<?xml version="1.0" encoding="UTF-8"?>
<!-- Generated by org.testng.reporters.JUnitXMLReporter -->
<testsuite ignored="0" hostname="LTIN421702" failures="0" tests="4" name="Test1" time="68.323" errors="0" timestamp="2024-11-11T11:27:27 IST">
  <testcase classname="TestCases.TC__03_HealthandWellnessPage" name="click" time="34.076"/>
  <testcase classname="TestCases.TC__03_HealthandWellnessPage" name="clickAgainWithExcelData" time="8.725"/>
  <testcase classname="TestCases.TC__03_HealthandWellnessPage" name="clickOnceAgain" time="14.909"/>
  <testcase classname="TestCases.TC__03_HealthandWellnessPage" name="validate_Thankyou" time="0.183"/>
</testsuite> <!-- Test1 -->
