<?xml version="1.0" encoding="UTF-8"?>
<!-- Generated by org.testng.reporters.JUnitXMLReporter -->
<testsuite ignored="0" hostname="LTIN469616" failures="0" tests="8" name="Test" time="36.776" errors="0" timestamp="2024-10-25T23:46:39 IST">
  <testcase classname="TestCases.TC_02" name="valiation" time="0.108"/>
  <testcase classname="TestCases.TC_02" name="diagnosticclick" time="2.977"/>
  <testcase classname="TestCases.TC_02" name="validationfordiagnosticpage" time="0.046"/>
  <testcase classname="TestCases.TC_02" name="topcitiesdisplay" time="0.297"/>
  <testcase classname="TestCases.TEC_01" name="validationoftitle" time="0.015"/>
  <testcase classname="TestCases.TEC_01" name="searchforhospitals" time="4.554"/>
  <testcase classname="TestCases.TEC_01" name="locationsearch" time="4.584"/>
  <testcase classname="TestCases.TEC_01" name="HospitalList" time="12.017"/>
</testsuite> <!-- Test -->
