<?xml version="1.0" encoding="UTF-8"?>
<!-- Generated by org.testng.reporters.JUnitXMLReporter -->
<testsuite ignored="0" hostname="LTIN469616" failures="0" tests="12" name="Test2" time="111.533" errors="0" timestamp="2024-11-06T14:28:52 IST">
  <testcase classname="TestCases.TC_01_HospitalList" name="validationoftitle" time="0.241"/>
  <testcase classname="TestCases.TC_01_HospitalList" name="searchforhospitals" time="3.74"/>
  <testcase classname="TestCases.TC_01_HospitalList" name="locationsearch" time="0.871"/>
  <testcase classname="TestCases.TC_01_HospitalList" name="HospitalList" time="34.527"/>
  <testcase classname="TestCases.TC_02_DiagnosticPage" name="valiationfortitleTC2" time="0.217"/>
  <testcase classname="TestCases.TC_02_DiagnosticPage" name="diagnosticclick" time="2.667"/>
  <testcase classname="TestCases.TC_02_DiagnosticPage" name="validationfordiagnosticpage" time="0.156"/>
  <testcase classname="TestCases.TC_02_DiagnosticPage" name="topcitiesdisplay" time="0.331"/>
  <testcase classname="TestCases.TC__03_HealthandWellnessPage" name="click" time="32.264"/>
  <testcase classname="TestCases.TC__03_HealthandWellnessPage" name="clickAgainWithExcelData" time="6.893"/>
  <testcase classname="TestCases.TC__03_HealthandWellnessPage" name="clickOnceAgain" time="4.602"/>
  <testcase classname="TestCases.TC__03_HealthandWellnessPage" name="validate_Thankyou" time="0.032"/>
</testsuite> <!-- Test2 -->
