<?xml version="1.0" encoding="UTF-8"?>
<!-- Generated by org.testng.reporters.JUnitXMLReporter -->
<testsuite ignored="0" hostname="LTIN469616" failures="0" tests="12" name="Test1" time="181.373" errors="0" timestamp="2024-11-06T14:53:56 IST">
  <testcase classname="TestCases.TC_01_HospitalList" name="validationoftitle" time="0.717"/>
  <testcase classname="TestCases.TC_01_HospitalList" name="searchforhospitals" time="10.145"/>
  <testcase classname="TestCases.TC_01_HospitalList" name="locationsearch" time="6.419"/>
  <testcase classname="TestCases.TC_01_HospitalList" name="HospitalList" time="55.465"/>
  <testcase classname="TestCases.TC_02_DiagnosticPage" name="valiationfortitleTC2" time="0.652"/>
  <testcase classname="TestCases.TC_02_DiagnosticPage" name="diagnosticclick" time="5.015"/>
  <testcase classname="TestCases.TC_02_DiagnosticPage" name="validationfordiagnosticpage" time="0.473"/>
  <testcase classname="TestCases.TC_02_DiagnosticPage" name="topcitiesdisplay" time="0.613"/>
  <testcase classname="TestCases.TC__03_HealthandWellnessPage" name="click" time="31.634"/>
  <testcase classname="TestCases.TC__03_HealthandWellnessPage" name="clickAgainWithExcelData" time="7.735"/>
  <testcase classname="TestCases.TC__03_HealthandWellnessPage" name="clickOnceAgain" time="23.204"/>
  <testcase classname="TestCases.TC__03_HealthandWellnessPage" name="validate_Thankyou" time="0.071"/>
</testsuite> <!-- Test1 -->
