<?xml version="1.0" encoding="UTF-8"?>
<testsuite xmlns:xsi="http://www.w3.org/2001/XMLSchema-instance" xsi:noNamespaceSchemaLocation="https://maven.apache.org/surefire/maven-surefire-plugin/xsd/surefire-test-report-3.0.xsd" version="3.0" name="TestSuite" time="183.244" tests="12" errors="0" skipped="0" failures="0">
  <properties>
[...]
</properties>
  <testcase name="validationoftitle" classname="TestCases.TC_01_HospitalList" time="0.716">
    <system-err><![CDATA[SLF4J: Failed to load class "org.slf4j.impl.StaticLoggerBinder".
SLF4J: Defaulting to no-operation (NOP) logger implementation
SLF4J: See http://www.slf4j.org/codes.html#StaticLoggerBinder for further details.
Nov 06, 2024 2:51:03 PM org.openqa.selenium.devtools.CdpVersionFinder findNearestMatch
WARNING: Unable to find CDP implementation matching 128
Nov 06, 2024 2:51:04 PM org.openqa.selenium.chromium.ChromiumDriver lambda$new$5
WARNING: Unable to find version of CDP to use for 128.0.6613.85. You may need to include a dependency on a specific version of the CDP using something similar to `org.seleniumhq.selenium:selenium-devtools-v86:4.15.0` where the version ("v86") matches the version of the chromium-based browser you're using and the version number of the artifact is the same as Selenium's.
]]></system-err>
  </testcase>
  <testcase name="searchforhospitals" classname="TestCases.TC_01_HospitalList" time="10.145"/>
  <testcase name="locationsearch" classname="TestCases.TC_01_HospitalList" time="6.42"/>
  <testcase name="HospitalList" classname="TestCases.TC_01_HospitalList" time="55.466">
    <system-out><![CDATA[

------- Hospital opened 24/7, having Parking fecility and having ratings more than 3.5 --------
Hospital : Manipal Hospitals
Hospital : Motherhood Hospital
Hospital : Koshys Hospital
Hospital : Motherhood Hospital
Hospital : Apollo Spectra Hospitals
Hospital : Trilife Hospital


]]></system-out>
  </testcase>
  <testcase name="valiationfortitleTC2" classname="TestCases.TC_02_DiagnosticPage" time="0.652">
    <system-err><![CDATA[Nov 06, 2024 2:52:29 PM org.openqa.selenium.devtools.CdpVersionFinder findNearestMatch
WARNING: Unable to find CDP implementation matching 128
Nov 06, 2024 2:52:29 PM org.openqa.selenium.chromium.ChromiumDriver lambda$new$5
WARNING: Unable to find version of CDP to use for 128.0.6613.85. You may need to include a dependency on a specific version of the CDP using something similar to `org.seleniumhq.selenium:selenium-devtools-v86:4.15.0` where the version ("v86") matches the version of the chromium-based browser you're using and the version number of the artifact is the same as Selenium's.
]]></system-err>
  </testcase>
  <testcase name="diagnosticclick" classname="TestCases.TC_02_DiagnosticPage" time="5.016"/>
  <testcase name="validationfordiagnosticpage" classname="TestCases.TC_02_DiagnosticPage" time="0.472"/>
  <testcase name="topcitiesdisplay" classname="TestCases.TC_02_DiagnosticPage" time="0.614">
    <system-out><![CDATA[Bangalore
Delhi
Mumbai
Chennai
Hyderabad
Kolkata
Pune
]]></system-out>
  </testcase>
  <testcase name="click" classname="TestCases.TC__03_HealthandWellnessPage" time="31.633">
    <system-err><![CDATA[Nov 06, 2024 2:52:49 PM org.openqa.selenium.devtools.CdpVersionFinder findNearestMatch
WARNING: Unable to find CDP implementation matching 128
Nov 06, 2024 2:52:49 PM org.openqa.selenium.chromium.ChromiumDriver lambda$new$5
WARNING: Unable to find version of CDP to use for 128.0.6613.85. You may need to include a dependency on a specific version of the CDP using something similar to `org.seleniumhq.selenium:selenium-devtools-v86:4.15.0` where the version ("v86") matches the version of the chromium-based browser you're using and the version number of the artifact is the same as Selenium's.
]]></system-err>
  </testcase>
  <testcase name="clickAgainWithExcelData" classname="TestCases.TC__03_HealthandWellnessPage" time="7.735">
    <system-out><![CDATA[[abc, CTS, 9.0908765431E10, abc@gmail.com]
]]></system-out>
  </testcase>
  <testcase name="clickOnceAgain" classname="TestCases.TC__03_HealthandWellnessPage" time="23.204">
    <system-out><![CDATA[[abc, CTS, 9024345678, abc@gmail.com]
]]></system-out>
  </testcase>
  <testcase name="validate_Thankyou" classname="TestCases.TC__03_HealthandWellnessPage" time="0.072"/>
</testsuite>